<?xml version="1.0" encoding="UTF-8"?>
<!-- Generated by org.testng.reporters.JUnitXMLReporter -->
<testsuite ignored="4" hostname="HEWLETT-HVTTKM0" failures="0" tests="3" name="Groupingtest" time="4.061" errors="0" timestamp="2022-02-03T18:38:34 CST">
  <testcase classname="main.java.TestCases" name="IMDBJasonBatemenBio" time="2.732"/>
  <testcase classname="main.java.TestCases" name="IMDBTheOzarks" time="0.905"/>
  <testcase classname="main.java.TestCases" name="TestCase3" time="0.301"/>
  <testcase classname="main.java.TestCases" name="CovidTotals" time="0.0">
    <ignored/>
  </testcase> <!-- CovidTotals -->
  <testcase classname="main.java.TestCases" name="CovidForbidden" time="0.0">
    <ignored/>
  </testcase> <!-- CovidForbidden -->
  <testcase classname="main.java.TestCases" name="CovidUSData" time="0.0">
    <ignored/>
  </testcase> <!-- CovidUSData -->
  <testcase classname="main.java.TestCases" name="IMDBFail" time="0.0">
    <ignored/>
  </testcase> <!-- IMDBFail -->
</testsuite> <!-- Groupingtest -->
